<?xml version="1.0" encoding="UTF-8"?>
<testng-results skipped="0" failed="0" ignored="0" total="1" passed="1">
  <reporter-output>
  </reporter-output>
  <suite name="Suite" duration-ms="7736" started-at="2018-01-28T13:11:25Z" finished-at="2018-01-28T13:11:33Z">
    <groups>
    </groups>
    <test name="Test" duration-ms="7736" started-at="2018-01-28T13:11:25Z" finished-at="2018-01-28T13:11:33Z">
      <class name="qsp.Demo">
        <test-method status="PASS" signature="testA()[pri:0, instance:qsp.Demo@3d24753a]" name="testA" duration-ms="7697" started-at="2018-01-28T18:41:25Z" finished-at="2018-01-28T18:41:33Z">
          <reporter-output>
          </reporter-output>
        </test-method> <!-- testA -->
      </class> <!-- qsp.Demo -->
    </test> <!-- Test -->
  </suite> <!-- Suite -->
</testng-results>
