<?xml version="1.0" encoding="UTF-8"?>
<testng-results skipped="0" failed="0" ignored="0" total="1" passed="1">
  <reporter-output>
  </reporter-output>
  <suite name="Suite" duration-ms="20059" started-at="2018-01-28T11:50:22Z" finished-at="2018-01-28T11:50:42Z">
    <groups>
    </groups>
    <test name="Test" duration-ms="20059" started-at="2018-01-28T11:50:22Z" finished-at="2018-01-28T11:50:42Z">
      <class name="qsp.Demo">
        <test-method status="PASS" signature="testA()[pri:0, instance:qsp.Demo@2ef5e5e3]" name="testA" duration-ms="20026" started-at="2018-01-28T17:20:22Z" finished-at="2018-01-28T17:20:42Z">
          <reporter-output>
          </reporter-output>
        </test-method> <!-- testA -->
      </class> <!-- qsp.Demo -->
    </test> <!-- Test -->
  </suite> <!-- Suite -->
</testng-results>
